<?xml version="1.0" encoding="UTF-8"?>
<!-- Generated by org.testng.reporters.JUnitReportReporter -->
<testsuite hostname="ARCHANA" failures="0" tests="1" name="smokeTestCase.Tc_Demo_001" time="12.588" errors="0" timestamp="2024-03-21T15:01:31 IST" skipped="0">
  <testcase classname="smokeTestCase.Tc_Demo_001" name="demoWebShop" time="12.588"/>
  <system-out/>
</testsuite> <!-- smokeTestCase.Tc_Demo_001 -->
